This file contains any messages produced by compilers while
running configure, to aid debugging if configure makes a mistake.

It was created by sumo configure 0.26.0, which was
generated by GNU Autoconf 2.63.  Invocation command line was

  $ ./configure --with-xerces=/home/gcorte2s --with-fox-config=/home/gcorte2s/bin/fox-config --with-proj-gdal=/home/gcorte2s --prefix=/home/gcorte2s

## --------- ##
## Platform. ##
## --------- ##

hostname = wr0
uname -m = x86_64
uname -r = 2.6.32-696.10.3.el6.x86_64
uname -s = Linux
uname -v = #1 SMP Tue Sep 26 15:28:41 CDT 2017

/usr/bin/uname -p = unknown
/bin/uname -X     = unknown

/bin/arch              = x86_64
/usr/bin/arch -k       = unknown
/usr/convex/getsysinfo = unknown
/usr/bin/hostinfo      = unknown
/bin/machine           = unknown
/usr/bin/oslevel       = unknown
/bin/universe          = unknown

PATH: /usr/local/stella/bin/
PATH: /usr/local/stella/gmsh/bin/
PATH: /usr/local/MATLAB/R2017a/bin
PATH: /usr/local/gcc-4.8.2/bin
PATH: /usr/lib64/qt-3.3/bin
PATH: /usr/local/bin
PATH: /usr/local/torque/bin
PATH: /usr/local/maui/bin
PATH: /usr/local/bin
PATH: /bin
PATH: /usr/bin
PATH: /usr/local/sbin
PATH: /usr/sbin
PATH: /sbin
PATH: /home/gcorte2s/bin


## ----------- ##
## Core tests. ##
## ----------- ##

configure:2159: checking build system type
configure:2177: result: x86_64-unknown-linux-gnu
configure:2199: checking host system type
configure:2214: result: x86_64-unknown-linux-gnu
configure:2236: checking target system type
configure:2251: result: x86_64-unknown-linux-gnu
configure:2299: checking for a BSD-compatible install
configure:2367: result: /usr/bin/install -c
configure:2378: checking whether build environment is sane
configure:2438: result: yes
configure:2579: checking for a thread-safe mkdir -p
configure:2618: result: /bin/mkdir -p
configure:2631: checking for gawk
configure:2647: found /bin/gawk
configure:2658: result: gawk
configure:2669: checking whether make sets $(MAKE)
configure:2691: result: yes
configure:2768: checking how to create a ustar tar archive
configure:2781: tar --version
tar (GNU tar) 1.23
Copyright (C) 2010 Free Software Foundation, Inc.
License GPLv3+: GNU GPL version 3 or later <http://gnu.org/licenses/gpl.html>.
This is free software: you are free to change and redistribute it.
There is NO WARRANTY, to the extent permitted by law.

Written by John Gilmore and Jay Fenlason.
configure:2784: $? = 0
configure:2824: tardir=conftest.dir && eval tar --format=ustar -chf - "$tardir" >conftest.tar
configure:2827: $? = 0
configure:2831: tar -xf - <conftest.tar
configure:2834: $? = 0
configure:2847: result: gnutar
configure:2943: checking for gcc
configure:2970: result: gcc
configure:3202: checking for C compiler version
configure:3210: gcc --version >&5
gcc (GCC) 4.8.2
Copyright (C) 2013 Free Software Foundation, Inc.
This is free software; see the source for copying conditions.  There is NO
warranty; not even for MERCHANTABILITY or FITNESS FOR A PARTICULAR PURPOSE.

configure:3214: $? = 0
configure:3221: gcc -v >&5
Using built-in specs.
COLLECT_GCC=gcc
COLLECT_LTO_WRAPPER=/usr/local/gcc-4.8.2/libexec/gcc/x86_64-unknown-linux-gnu/4.8.2/lto-wrapper
Target: x86_64-unknown-linux-gnu
Configured with: ../gcc-4.8.2/configure --prefix=/usr/local/gcc-4.8.2 --with-mpc=/usr/local/gcc-4.8.2 --with-mpfr=/usr/local/gcc-4.8.2 --with-gmp=/usr/local/gcc-4.8.2 --enable-languages='c c++ fortran'
Thread model: posix
gcc version 4.8.2 (GCC) 
configure:3225: $? = 0
configure:3232: gcc -V >&5
gcc: error: unrecognized command line option '-V'
gcc: fatal error: no input files
compilation terminated.
configure:3236: $? = 1
configure:3259: checking for C compiler default output file name
configure:3281: gcc    conftest.c  >&5
configure:3285: $? = 0
configure:3323: result: a.out
configure:3342: checking whether the C compiler works
configure:3352: ./a.out
configure:3356: $? = 0
configure:3375: result: yes
configure:3382: checking whether we are cross compiling
configure:3384: result: no
configure:3387: checking for suffix of executables
configure:3394: gcc -o conftest    conftest.c  >&5
configure:3398: $? = 0
configure:3424: result: 
configure:3430: checking for suffix of object files
configure:3456: gcc -c   conftest.c >&5
configure:3460: $? = 0
configure:3485: result: o
configure:3489: checking whether we are using the GNU C compiler
configure:3518: gcc -c   conftest.c >&5
configure:3525: $? = 0
configure:3542: result: yes
configure:3551: checking whether gcc accepts -g
configure:3581: gcc -c -g  conftest.c >&5
configure:3588: $? = 0
configure:3689: result: yes
configure:3706: checking for gcc option to accept ISO C89
configure:3780: gcc  -c -g -O2  conftest.c >&5
configure:3787: $? = 0
configure:3810: result: none needed
configure:3839: checking for style of include used by make
configure:3867: result: GNU
configure:3892: checking dependency style of gcc
configure:4002: result: gcc3
configure:4022: checking how to run the C preprocessor
configure:4062: gcc -E  conftest.c
configure:4069: $? = 0
configure:4100: gcc -E  conftest.c
conftest.c:10:28: fatal error: ac_nonexistent.h: No such file or directory
 #include <ac_nonexistent.h>
                            ^
compilation terminated.
configure:4107: $? = 1
configure: failed program was:
| /* confdefs.h.  */
| #define PACKAGE_NAME "sumo"
| #define PACKAGE_TARNAME "sumo"
| #define PACKAGE_VERSION "0.26.0"
| #define PACKAGE_STRING "sumo 0.26.0"
| #define PACKAGE_BUGREPORT ""
| #define PACKAGE "sumo"
| #define VERSION "0.26.0"
| /* end confdefs.h.  */
| #include <ac_nonexistent.h>
configure:4140: result: gcc -E
configure:4169: gcc -E  conftest.c
configure:4176: $? = 0
configure:4207: gcc -E  conftest.c
conftest.c:10:28: fatal error: ac_nonexistent.h: No such file or directory
 #include <ac_nonexistent.h>
                            ^
compilation terminated.
configure:4214: $? = 1
configure: failed program was:
| /* confdefs.h.  */
| #define PACKAGE_NAME "sumo"
| #define PACKAGE_TARNAME "sumo"
| #define PACKAGE_VERSION "0.26.0"
| #define PACKAGE_STRING "sumo 0.26.0"
| #define PACKAGE_BUGREPORT ""
| #define PACKAGE "sumo"
| #define VERSION "0.26.0"
| /* end confdefs.h.  */
| #include <ac_nonexistent.h>
configure:4365: checking for C++ compiler version
configure:4373: g++ --version >&5
g++ (GCC) 4.8.2
Copyright (C) 2013 Free Software Foundation, Inc.
This is free software; see the source for copying conditions.  There is NO
warranty; not even for MERCHANTABILITY or FITNESS FOR A PARTICULAR PURPOSE.

configure:4377: $? = 0
configure:4384: g++ -v >&5
Using built-in specs.
COLLECT_GCC=g++
COLLECT_LTO_WRAPPER=/usr/local/gcc-4.8.2/libexec/gcc/x86_64-unknown-linux-gnu/4.8.2/lto-wrapper
Target: x86_64-unknown-linux-gnu
Configured with: ../gcc-4.8.2/configure --prefix=/usr/local/gcc-4.8.2 --with-mpc=/usr/local/gcc-4.8.2 --with-mpfr=/usr/local/gcc-4.8.2 --with-gmp=/usr/local/gcc-4.8.2 --enable-languages='c c++ fortran'
Thread model: posix
gcc version 4.8.2 (GCC) 
configure:4388: $? = 0
configure:4395: g++ -V >&5
g++: error: unrecognized command line option '-V'
g++: fatal error: no input files
compilation terminated.
configure:4399: $? = 1
configure:4402: checking whether we are using the GNU C++ compiler
configure:4431: g++ -c -O2 -DNDEBUG   conftest.cpp >&5
configure:4438: $? = 0
configure:4455: result: yes
configure:4464: checking whether g++ accepts -g
configure:4494: g++ -c -g  conftest.cpp >&5
configure:4501: $? = 0
configure:4602: result: yes
configure:4627: checking dependency style of g++
configure:4737: result: gcc3
configure:4766: checking for a BSD-compatible install
configure:4834: result: /usr/bin/install -c
configure:4845: checking whether ln -s works
configure:4849: result: yes
configure:4856: checking whether make sets $(MAKE)
configure:4878: result: yes
configure:4931: checking for ranlib
configure:4947: found /usr/bin/ranlib
configure:4958: result: ranlib
configure:5005: checking for a sed that does not truncate output
configure:5071: result: /bin/sed
configure:5089: checking for grep that handles long lines and -e
configure:5149: result: /bin/grep
configure:5154: checking for egrep
configure:5218: result: /bin/grep -E
configure:5223: checking for fgrep
configure:5287: result: /bin/grep -F
configure:5322: checking for ld used by gcc
configure:5389: result: /usr/bin/ld
configure:5398: checking if the linker (/usr/bin/ld) is GNU ld
configure:5413: result: yes
configure:5425: checking for BSD- or MS-compatible name lister (nm)
configure:5474: result: /usr/bin/nm -B
configure:5592: checking the name lister (/usr/bin/nm -B) interface
configure:5599: g++ -c -O2 -DNDEBUG   conftest.cpp >&5
configure:5602: /usr/bin/nm -B "conftest.o"
configure:5605: output
0000000000000000 B some_variable
configure:5612: result: BSD nm
configure:5616: checking the maximum length of command line arguments
configure:5736: result: 1966080
configure:5753: checking whether the shell understands some XSI constructs
configure:5763: result: yes
configure:5767: checking whether the shell understands "+="
configure:5773: result: yes
configure:5808: checking for /usr/bin/ld option to reload object files
configure:5815: result: -r
configure:5884: checking for objdump
configure:5900: found /usr/bin/objdump
configure:5911: result: objdump
configure:5943: checking how to recognize dependent libraries
configure:6139: result: pass_all
configure:6199: checking for ar
configure:6215: found /usr/bin/ar
configure:6226: result: ar
configure:6304: checking for strip
configure:6320: found /usr/bin/strip
configure:6331: result: strip
configure:6403: checking for ranlib
configure:6430: result: ranlib
configure:6520: checking command to parse /usr/bin/nm -B output from gcc object
configure:6638: g++ -c -O2 -DNDEBUG   conftest.cpp >&5
configure:6641: $? = 0
configure:6645: /usr/bin/nm -B conftest.o \| sed -n -e 's/^.*[	 ]\([ABCDGIRSTW][ABCDGIRSTW]*\)[	 ][	 ]*\([_A-Za-z][_A-Za-z0-9]*\)$/\1 \2 \2/p' \> conftest.nm
configure:6648: $? = 0
configure:6702: g++ -o conftest -O2 -DNDEBUG    conftest.cpp conftstm.o >&5
configure:6705: $? = 0
configure:6743: result: ok
configure:6839: g++ -c -O2 -DNDEBUG   conftest.cpp >&5
configure:6842: $? = 0
configure:7606: checking for ANSI C header files
configure:7636: g++ -c -O2 -DNDEBUG   conftest.cpp >&5
configure:7643: $? = 0
./configure: line 7669: conftest.cpp: command not found
configure:7774: result: no
configure:7798: checking for sys/types.h
configure:7819: g++ -c -O2 -DNDEBUG   conftest.cpp >&5
configure:7826: $? = 0
configure:7843: result: yes
configure:7798: checking for sys/stat.h
configure:7819: g++ -c -O2 -DNDEBUG   conftest.cpp >&5
configure:7826: $? = 0
configure:7843: result: yes
configure:7798: checking for stdlib.h
configure:7819: g++ -c -O2 -DNDEBUG   conftest.cpp >&5
configure:7826: $? = 0
configure:7843: result: yes
configure:7798: checking for string.h
configure:7819: g++ -c -O2 -DNDEBUG   conftest.cpp >&5
configure:7826: $? = 0
configure:7843: result: yes
configure:7798: checking for memory.h
configure:7819: g++ -c -O2 -DNDEBUG   conftest.cpp >&5
configure:7826: $? = 0
configure:7843: result: yes
configure:7798: checking for strings.h
configure:7819: g++ -c -O2 -DNDEBUG   conftest.cpp >&5
configure:7826: $? = 0
configure:7843: result: yes
configure:7798: checking for inttypes.h
configure:7819: g++ -c -O2 -DNDEBUG   conftest.cpp >&5
configure:7826: $? = 0
configure:7843: result: yes
configure:7798: checking for stdint.h
configure:7819: g++ -c -O2 -DNDEBUG   conftest.cpp >&5
configure:7826: $? = 0
configure:7843: result: yes
configure:7798: checking for unistd.h
configure:7819: g++ -c -O2 -DNDEBUG   conftest.cpp >&5
configure:7826: $? = 0
configure:7843: result: yes
configure:7861: checking for dlfcn.h
configure:7882: g++ -c -O2 -DNDEBUG   conftest.cpp >&5
configure:7889: $? = 0
configure:7906: result: yes
configure:8033: checking for C++ compiler version
configure:8041: g++ --version >&5
g++ (GCC) 4.8.2
Copyright (C) 2013 Free Software Foundation, Inc.
This is free software; see the source for copying conditions.  There is NO
warranty; not even for MERCHANTABILITY or FITNESS FOR A PARTICULAR PURPOSE.

configure:8045: $? = 0
configure:8052: g++ -v >&5
Using built-in specs.
COLLECT_GCC=g++
COLLECT_LTO_WRAPPER=/usr/local/gcc-4.8.2/libexec/gcc/x86_64-unknown-linux-gnu/4.8.2/lto-wrapper
Target: x86_64-unknown-linux-gnu
Configured with: ../gcc-4.8.2/configure --prefix=/usr/local/gcc-4.8.2 --with-mpc=/usr/local/gcc-4.8.2 --with-mpfr=/usr/local/gcc-4.8.2 --with-gmp=/usr/local/gcc-4.8.2 --enable-languages='c c++ fortran'
Thread model: posix
gcc version 4.8.2 (GCC) 
configure:8056: $? = 0
configure:8063: g++ -V >&5
g++: error: unrecognized command line option '-V'
g++: fatal error: no input files
compilation terminated.
configure:8067: $? = 1
configure:8070: checking whether we are using the GNU C++ compiler
configure:8123: result: yes
configure:8132: checking whether g++ accepts -g
configure:8270: result: yes
configure:8295: checking dependency style of g++
configure:8405: result: gcc3
configure:8428: checking how to run the C++ preprocessor
configure:8464: g++ -E  conftest.cpp
configure:8471: $? = 0
configure:8502: g++ -E  conftest.cpp
conftest.cpp:20:28: fatal error: ac_nonexistent.h: No such file or directory
 #include <ac_nonexistent.h>
                            ^
compilation terminated.
configure:8509: $? = 1
configure: failed program was:
| /* confdefs.h.  */
| #define PACKAGE_NAME "sumo"
| #define PACKAGE_TARNAME "sumo"
| #define PACKAGE_VERSION "0.26.0"
| #define PACKAGE_STRING "sumo 0.26.0"
| #define PACKAGE_BUGREPORT ""
| #define PACKAGE "sumo"
| #define VERSION "0.26.0"
| #define HAVE_SYS_TYPES_H 1
| #define HAVE_SYS_STAT_H 1
| #define HAVE_STDLIB_H 1
| #define HAVE_STRING_H 1
| #define HAVE_MEMORY_H 1
| #define HAVE_STRINGS_H 1
| #define HAVE_INTTYPES_H 1
| #define HAVE_STDINT_H 1
| #define HAVE_UNISTD_H 1
| #define HAVE_DLFCN_H 1
| /* end confdefs.h.  */
| #include <ac_nonexistent.h>
configure:8542: result: g++ -E
configure:8571: g++ -E  conftest.cpp
configure:8578: $? = 0
configure:8609: g++ -E  conftest.cpp
conftest.cpp:20:28: fatal error: ac_nonexistent.h: No such file or directory
 #include <ac_nonexistent.h>
                            ^
compilation terminated.
configure:8616: $? = 1
configure: failed program was:
| /* confdefs.h.  */
| #define PACKAGE_NAME "sumo"
| #define PACKAGE_TARNAME "sumo"
| #define PACKAGE_VERSION "0.26.0"
| #define PACKAGE_STRING "sumo 0.26.0"
| #define PACKAGE_BUGREPORT ""
| #define PACKAGE "sumo"
| #define VERSION "0.26.0"
| #define HAVE_SYS_TYPES_H 1
| #define HAVE_SYS_STAT_H 1
| #define HAVE_STDLIB_H 1
| #define HAVE_STRING_H 1
| #define HAVE_MEMORY_H 1
| #define HAVE_STRINGS_H 1
| #define HAVE_INTTYPES_H 1
| #define HAVE_STDINT_H 1
| #define HAVE_UNISTD_H 1
| #define HAVE_DLFCN_H 1
| /* end confdefs.h.  */
| #include <ac_nonexistent.h>
configure:8830: checking for objdir
configure:8845: result: .libs
configure:9137: checking if gcc supports -fno-rtti -fno-exceptions
configure:9155: gcc -c -g -O2  -fno-rtti -fno-exceptions conftest.c >&5
cc1: warning: command line option '-fno-rtti' is valid for C++/ObjC++ but not for C [enabled by default]
configure:9159: $? = 0
configure:9172: result: no
configure:9192: checking for gcc option to produce PIC
configure:9464: result: -fPIC -DPIC
configure:9476: checking if gcc PIC flag -fPIC -DPIC works
configure:9494: gcc -c -g -O2  -fPIC -DPIC -DPIC conftest.c >&5
configure:9498: $? = 0
configure:9511: result: yes
configure:9535: checking if gcc static flag -static works
configure:9563: result: yes
configure:9578: checking if gcc supports -c -o file.o
configure:9599: gcc -c -g -O2  -o out/conftest2.o conftest.c >&5
configure:9603: $? = 0
configure:9625: result: yes
configure:9633: checking if gcc supports -c -o file.o
configure:9680: result: yes
configure:9713: checking whether the gcc linker (/usr/bin/ld -m elf_x86_64) supports shared libraries
configure:10787: result: yes
configure:10824: checking whether -lc should be explicitly linked in
configure:10829: gcc -c -g -O2  conftest.c >&5
configure:10832: $? = 0
configure:10847: gcc -shared conftest.o  -v -Wl,-soname -Wl,conftest -o conftest 2\>\&1 \| /bin/grep  -lc  \>/dev/null 2\>\&1
configure:10850: $? = 0
configure:10862: result: no
configure:11026: checking dynamic linker characteristics
configure:11469: gcc -o conftest -g -O2   -Wl,-rpath -Wl,/foo conftest.c  >&5
configure:11476: $? = 0
configure:11712: result: GNU/Linux ld.so
configure:11814: checking how to hardcode library paths into programs
configure:11839: result: immediate
configure:12672: checking whether stripping libraries is possible
configure:12677: result: yes
configure:12712: checking if libtool supports shared libraries
configure:12714: result: yes
configure:12717: checking whether to build shared libraries
configure:12738: result: yes
configure:12741: checking whether to build static libraries
configure:12745: result: yes
configure:12895: checking for ld used by g++
configure:12962: result: /usr/bin/ld -m elf_x86_64
configure:12971: checking if the linker (/usr/bin/ld -m elf_x86_64) is GNU ld
configure:12986: result: yes
configure:13041: checking whether the g++ linker (/usr/bin/ld -m elf_x86_64) supports shared libraries
configure:14016: result: yes
configure:14044: g++ -c -O2 -DNDEBUG   conftest.cpp >&5
configure:14047: $? = 0
configure:14229: checking for g++ option to produce PIC
configure:14546: result: -fPIC -DPIC
configure:14555: checking if g++ PIC flag -fPIC -DPIC works
configure:14573: g++ -c -O2 -DNDEBUG   -fPIC -DPIC -DPIC conftest.cpp >&5
configure:14577: $? = 0
configure:14590: result: yes
configure:14611: checking if g++ static flag -static works
configure:14639: result: yes
configure:14651: checking if g++ supports -c -o file.o
configure:14672: g++ -c -O2 -DNDEBUG   -o out/conftest2.o conftest.cpp >&5
configure:14676: $? = 0
configure:14698: result: yes
configure:14703: checking if g++ supports -c -o file.o
configure:14750: result: yes
configure:14780: checking whether the g++ linker (/usr/bin/ld -m elf_x86_64) supports shared libraries
configure:14806: result: yes
configure:14943: checking dynamic linker characteristics
configure:15334: g++ -o conftest -O2 -DNDEBUG    -Wl,-rpath -Wl,/foo conftest.cpp  >&5
configure:15341: $? = 0
configure:15577: result: GNU/Linux ld.so
configure:15628: checking how to hardcode library paths into programs
configure:15653: result: immediate
configure:15933: checking for pkg-config
configure:15951: found /usr/bin/pkg-config
configure:15963: result: /usr/bin/pkg-config
configure:15988: checking pkg-config is at least version 0.9.0
configure:15991: result: yes
configure:16002: checking for XERCES
configure:16009: $PKG_CONFIG --exists --print-errors "xerces-c >= 3.0"
Package xerces-c was not found in the pkg-config search path.
Perhaps you should add the directory containing `xerces-c.pc'
to the PKG_CONFIG_PATH environment variable
No package 'xerces-c' found
configure:16012: $? = 1
configure:16025: $PKG_CONFIG --exists --print-errors "xerces-c >= 3.0"
Package xerces-c was not found in the pkg-config search path.
Perhaps you should add the directory containing `xerces-c.pc'
to the PKG_CONFIG_PATH environment variable
No package 'xerces-c' found
configure:16028: $? = 1
No package 'xerces-c' found
configure:16055: result: no
configure:16180: checking for main in -lxerces-c
configure:16209: g++ -o conftest -msse2 -mfpmath=sse -O2 -DNDEBUG   -L/home/gcorte2s/lib conftest.cpp -lxerces-c   >&5
configure:16216: $? = 0
configure:16239: result: yes
configure:16416: checking xercesc/util/XercesVersion.hpp usability
configure:16433: g++ -c -msse2 -mfpmath=sse -O2 -DNDEBUG  -I/home/gcorte2s/include conftest.cpp >&5
configure:16440: $? = 0
configure:16454: result: yes
configure:16458: checking xercesc/util/XercesVersion.hpp presence
configure:16473: g++ -E -I/home/gcorte2s/include conftest.cpp
configure:16480: $? = 0
configure:16494: result: yes
configure:16522: checking for xercesc/util/XercesVersion.hpp
configure:16529: result: yes
configure:16644: checking for main in -lproj
configure:16673: g++ -o conftest -msse2 -mfpmath=sse -O2 -DNDEBUG   -L/home/gcorte2s/lib conftest.cpp -lproj   >&5
configure:16680: $? = 0
configure:16701: result: yes
configure:16871: checking proj_api.h usability
configure:16888: g++ -c -msse2 -mfpmath=sse -O2 -DNDEBUG  -I/home/gcorte2s/include conftest.cpp >&5
configure:16895: $? = 0
configure:16909: result: yes
configure:16913: checking proj_api.h presence
configure:16928: g++ -E -I/home/gcorte2s/include conftest.cpp
configure:16935: $? = 0
configure:16949: result: yes
configure:16977: checking for proj_api.h
configure:16984: result: yes
configure:17024: checking for gdal-config
configure:17042: found /home/gcorte2s/bin/gdal-config
configure:17054: result: /home/gcorte2s/bin/gdal-config
configure:17097: checking ogr_api.h usability
configure:17114: g++ -c -msse2 -mfpmath=sse -O2 -DNDEBUG  -I/home/gcorte2s/include conftest.cpp >&5
configure:17121: $? = 0
configure:17135: result: yes
configure:17139: checking ogr_api.h presence
configure:17154: g++ -E -I/home/gcorte2s/include conftest.cpp
configure:17161: $? = 0
configure:17175: result: yes
configure:17203: checking for ogr_api.h
configure:17210: result: yes
configure:17292: result: Using user-specified fox-config file: /home/gcorte2s/bin/fox-config
configure:17321: checking fxver.h usability
configure:17338: g++ -c -msse2 -mfpmath=sse -O2 -DNDEBUG  -I/home/gcorte2s/include/fox-1.6 conftest.cpp >&5
configure:17345: $? = 0
configure:17359: result: yes
configure:17363: checking fxver.h presence
configure:17378: g++ -E -I/home/gcorte2s/include/fox-1.6 conftest.cpp
configure:17385: $? = 0
configure:17399: result: yes
configure:17427: checking for fxver.h
configure:17434: result: yes
configure:17480: checking for gtest-config
configure:17513: result: no
configure:18030: checking libavformat/version.h usability
configure:18047: g++ -c -msse2 -mfpmath=sse -O2 -DNDEBUG   -I/usr/include/ffmpeg -I/usr/local/include conftest.cpp >&5
conftest.cpp:65:33: fatal error: libavformat/version.h: No such file or directory
 #include <libavformat/version.h>
                                 ^
compilation terminated.
configure:18054: $? = 1
configure: failed program was:
| /* confdefs.h.  */
| #define PACKAGE_NAME "sumo"
| #define PACKAGE_TARNAME "sumo"
| #define PACKAGE_VERSION "0.26.0"
| #define PACKAGE_STRING "sumo 0.26.0"
| #define PACKAGE_BUGREPORT ""
| #define PACKAGE "sumo"
| #define VERSION "0.26.0"
| #define HAVE_SYS_TYPES_H 1
| #define HAVE_SYS_STAT_H 1
| #define HAVE_STDLIB_H 1
| #define HAVE_STRING_H 1
| #define HAVE_MEMORY_H 1
| #define HAVE_STRINGS_H 1
| #define HAVE_INTTYPES_H 1
| #define HAVE_STDINT_H 1
| #define HAVE_UNISTD_H 1
| #define HAVE_DLFCN_H 1
| #define LT_OBJDIR ".libs/"
| #define HAVE_INTERNAL_LANES 1
| #define SUMOReal double
| #define POSITION_EPS (SUMOReal)0.1
| #define NUMERICAL_EPS (SUMOReal)0.001
| #define OUTPUT_ACCURACY 2
| #define GEO_OUTPUT_ACCURACY 6
| #define VERSION_STRING "0.26.0"
| #define XERCES3_SIZE_t unsigned int
| #define HAVE_PROJ 1
| #define HAVE_GDAL 1
| #define HAVE_FOX 1
| /* end confdefs.h.  */
| #include <stdio.h>
| #ifdef HAVE_SYS_TYPES_H
| # include <sys/types.h>
| #endif
| #ifdef HAVE_SYS_STAT_H
| # include <sys/stat.h>
| #endif
| #ifdef STDC_HEADERS
| # include <stdlib.h>
| # include <stddef.h>
| #else
| # ifdef HAVE_STDLIB_H
| #  include <stdlib.h>
| # endif
| #endif
| #ifdef HAVE_STRING_H
| # if !defined STDC_HEADERS && defined HAVE_MEMORY_H
| #  include <memory.h>
| # endif
| # include <string.h>
| #endif
| #ifdef HAVE_STRINGS_H
| # include <strings.h>
| #endif
| #ifdef HAVE_INTTYPES_H
| # include <inttypes.h>
| #endif
| #ifdef HAVE_STDINT_H
| # include <stdint.h>
| #endif
| #ifdef HAVE_UNISTD_H
| # include <unistd.h>
| #endif
| #include <libavformat/version.h>
configure:18068: result: no
configure:18072: checking libavformat/version.h presence
configure:18087: g++ -E  -I/usr/include/ffmpeg -I/usr/local/include conftest.cpp
conftest.cpp:32:33: fatal error: libavformat/version.h: No such file or directory
 #include <libavformat/version.h>
                                 ^
compilation terminated.
configure:18094: $? = 1
configure: failed program was:
| /* confdefs.h.  */
| #define PACKAGE_NAME "sumo"
| #define PACKAGE_TARNAME "sumo"
| #define PACKAGE_VERSION "0.26.0"
| #define PACKAGE_STRING "sumo 0.26.0"
| #define PACKAGE_BUGREPORT ""
| #define PACKAGE "sumo"
| #define VERSION "0.26.0"
| #define HAVE_SYS_TYPES_H 1
| #define HAVE_SYS_STAT_H 1
| #define HAVE_STDLIB_H 1
| #define HAVE_STRING_H 1
| #define HAVE_MEMORY_H 1
| #define HAVE_STRINGS_H 1
| #define HAVE_INTTYPES_H 1
| #define HAVE_STDINT_H 1
| #define HAVE_UNISTD_H 1
| #define HAVE_DLFCN_H 1
| #define LT_OBJDIR ".libs/"
| #define HAVE_INTERNAL_LANES 1
| #define SUMOReal double
| #define POSITION_EPS (SUMOReal)0.1
| #define NUMERICAL_EPS (SUMOReal)0.001
| #define OUTPUT_ACCURACY 2
| #define GEO_OUTPUT_ACCURACY 6
| #define VERSION_STRING "0.26.0"
| #define XERCES3_SIZE_t unsigned int
| #define HAVE_PROJ 1
| #define HAVE_GDAL 1
| #define HAVE_FOX 1
| /* end confdefs.h.  */
| #include <libavformat/version.h>
configure:18108: result: no
configure:18136: checking for libavformat/version.h
configure:18143: result: no
configure:18186: checking for working alloca.h
configure:18213: g++ -o conftest -msse2 -mfpmath=sse -O2 -DNDEBUG    conftest.cpp  >&5
configure:18220: $? = 0
configure:18240: result: yes
configure:18250: checking for alloca
configure:18297: g++ -o conftest -msse2 -mfpmath=sse -O2 -DNDEBUG    conftest.cpp  >&5
configure:18304: $? = 0
configure:18324: result: yes
configure:18561: checking for ANSI C header files
configure:18729: result: no
configure:18764: checking float.h usability
configure:18781: g++ -c -msse2 -mfpmath=sse -O2 -DNDEBUG   conftest.cpp >&5
configure:18788: $? = 0
configure:18802: result: yes
configure:18806: checking float.h presence
configure:18821: g++ -E  conftest.cpp
configure:18828: $? = 0
configure:18842: result: yes
configure:18870: checking for float.h
configure:18879: result: yes
configure:18764: checking limits.h usability
configure:18781: g++ -c -msse2 -mfpmath=sse -O2 -DNDEBUG   conftest.cpp >&5
configure:18788: $? = 0
configure:18802: result: yes
configure:18806: checking limits.h presence
configure:18821: g++ -E  conftest.cpp
configure:18828: $? = 0
configure:18842: result: yes
configure:18870: checking for limits.h
configure:18879: result: yes
configure:18764: checking malloc.h usability
configure:18781: g++ -c -msse2 -mfpmath=sse -O2 -DNDEBUG   conftest.cpp >&5
configure:18788: $? = 0
configure:18802: result: yes
configure:18806: checking malloc.h presence
configure:18821: g++ -E  conftest.cpp
configure:18828: $? = 0
configure:18842: result: yes
configure:18870: checking for malloc.h
configure:18879: result: yes
configure:18764: checking math.h usability
configure:18781: g++ -c -msse2 -mfpmath=sse -O2 -DNDEBUG   conftest.cpp >&5
configure:18788: $? = 0
configure:18802: result: yes
configure:18806: checking math.h presence
configure:18821: g++ -E  conftest.cpp
configure:18828: $? = 0
configure:18842: result: yes
configure:18870: checking for math.h
configure:18879: result: yes
configure:18764: checking stddef.h usability
configure:18781: g++ -c -msse2 -mfpmath=sse -O2 -DNDEBUG   conftest.cpp >&5
configure:18788: $? = 0
configure:18802: result: yes
configure:18806: checking stddef.h presence
configure:18821: g++ -E  conftest.cpp
configure:18828: $? = 0
configure:18842: result: yes
configure:18870: checking for stddef.h
configure:18879: result: yes
configure:18753: checking for stdlib.h
configure:18760: result: yes
configure:18753: checking for string.h
configure:18760: result: yes
configure:18764: checking sys/time.h usability
configure:18781: g++ -c -msse2 -mfpmath=sse -O2 -DNDEBUG   conftest.cpp >&5
configure:18788: $? = 0
configure:18802: result: yes
configure:18806: checking sys/time.h presence
configure:18821: g++ -E  conftest.cpp
configure:18828: $? = 0
configure:18842: result: yes
configure:18870: checking for sys/time.h
configure:18879: result: yes
configure:18753: checking for unistd.h
configure:18760: result: yes
configure:18764: checking wchar.h usability
configure:18781: g++ -c -msse2 -mfpmath=sse -O2 -DNDEBUG   conftest.cpp >&5
configure:18788: $? = 0
configure:18802: result: yes
configure:18806: checking wchar.h presence
configure:18821: g++ -E  conftest.cpp
configure:18828: $? = 0
configure:18842: result: yes
configure:18870: checking for wchar.h
configure:18879: result: yes
configure:18895: checking for stdbool.h that conforms to C99
configure:18990: g++ -c -msse2 -mfpmath=sse -O2 -DNDEBUG   conftest.cpp >&5
configure:18997: $? = 0
configure:19012: result: yes
configure:19014: checking for _Bool
configure:19042: g++ -c -msse2 -mfpmath=sse -O2 -DNDEBUG   conftest.cpp >&5
conftest.cpp: In function 'int main()':
conftest.cpp:81:13: error: '_Bool' was not declared in this scope
 if (sizeof (_Bool))
             ^
configure:19049: $? = 1
configure: failed program was:
| /* confdefs.h.  */
| #define PACKAGE_NAME "sumo"
| #define PACKAGE_TARNAME "sumo"
| #define PACKAGE_VERSION "0.26.0"
| #define PACKAGE_STRING "sumo 0.26.0"
| #define PACKAGE_BUGREPORT ""
| #define PACKAGE "sumo"
| #define VERSION "0.26.0"
| #define HAVE_SYS_TYPES_H 1
| #define HAVE_SYS_STAT_H 1
| #define HAVE_STDLIB_H 1
| #define HAVE_STRING_H 1
| #define HAVE_MEMORY_H 1
| #define HAVE_STRINGS_H 1
| #define HAVE_INTTYPES_H 1
| #define HAVE_STDINT_H 1
| #define HAVE_UNISTD_H 1
| #define HAVE_DLFCN_H 1
| #define LT_OBJDIR ".libs/"
| #define HAVE_INTERNAL_LANES 1
| #define SUMOReal double
| #define POSITION_EPS (SUMOReal)0.1
| #define NUMERICAL_EPS (SUMOReal)0.001
| #define OUTPUT_ACCURACY 2
| #define GEO_OUTPUT_ACCURACY 6
| #define VERSION_STRING "0.26.0"
| #define XERCES3_SIZE_t unsigned int
| #define HAVE_PROJ 1
| #define HAVE_GDAL 1
| #define HAVE_FOX 1
| #define HAVE_ENABLED "x86_64-unknown-linux-gnu InternalLanes DoublePrecision TRACI PROJ GDAL GUI"
| #define HAVE_ALLOCA_H 1
| #define HAVE_ALLOCA 1
| #define HAVE_FLOAT_H 1
| #define HAVE_LIMITS_H 1
| #define HAVE_MALLOC_H 1
| #define HAVE_MATH_H 1
| #define HAVE_STDDEF_H 1
| #define HAVE_STDLIB_H 1
| #define HAVE_STRING_H 1
| #define HAVE_SYS_TIME_H 1
| #define HAVE_UNISTD_H 1
| #define HAVE_WCHAR_H 1
| /* end confdefs.h.  */
| #include <stdio.h>
| #ifdef HAVE_SYS_TYPES_H
| # include <sys/types.h>
| #endif
| #ifdef HAVE_SYS_STAT_H
| # include <sys/stat.h>
| #endif
| #ifdef STDC_HEADERS
| # include <stdlib.h>
| # include <stddef.h>
| #else
| # ifdef HAVE_STDLIB_H
| #  include <stdlib.h>
| # endif
| #endif
| #ifdef HAVE_STRING_H
| # if !defined STDC_HEADERS && defined HAVE_MEMORY_H
| #  include <memory.h>
| # endif
| # include <string.h>
| #endif
| #ifdef HAVE_STRINGS_H
| # include <strings.h>
| #endif
| #ifdef HAVE_INTTYPES_H
| # include <inttypes.h>
| #endif
| #ifdef HAVE_STDINT_H
| # include <stdint.h>
| #endif
| #ifdef HAVE_UNISTD_H
| # include <unistd.h>
| #endif
| int
| main ()
| {
| if (sizeof (_Bool))
|        return 0;
|   ;
|   return 0;
| }
configure:19106: result: no
configure:19125: checking for an ANSI C-conforming const
configure:19200: g++ -c -msse2 -mfpmath=sse -O2 -DNDEBUG   conftest.cpp >&5
configure:19207: $? = 0
configure:19222: result: yes
configure:19232: checking for inline
configure:19258: g++ -c -msse2 -mfpmath=sse -O2 -DNDEBUG   conftest.cpp >&5
configure:19265: $? = 0
configure:19283: result: inline
configure:19302: checking for size_t
configure:19330: g++ -c -msse2 -mfpmath=sse -O2 -DNDEBUG   conftest.cpp >&5
configure:19337: $? = 0
configure:19364: g++ -c -msse2 -mfpmath=sse -O2 -DNDEBUG   conftest.cpp >&5
conftest.cpp: In function 'int main()':
conftest.cpp:82:20: error: expected primary-expression before ')' token
 if (sizeof ((size_t)))
                    ^
configure:19371: $? = 1
configure: failed program was:
| /* confdefs.h.  */
| #define PACKAGE_NAME "sumo"
| #define PACKAGE_TARNAME "sumo"
| #define PACKAGE_VERSION "0.26.0"
| #define PACKAGE_STRING "sumo 0.26.0"
| #define PACKAGE_BUGREPORT ""
| #define PACKAGE "sumo"
| #define VERSION "0.26.0"
| #define HAVE_SYS_TYPES_H 1
| #define HAVE_SYS_STAT_H 1
| #define HAVE_STDLIB_H 1
| #define HAVE_STRING_H 1
| #define HAVE_MEMORY_H 1
| #define HAVE_STRINGS_H 1
| #define HAVE_INTTYPES_H 1
| #define HAVE_STDINT_H 1
| #define HAVE_UNISTD_H 1
| #define HAVE_DLFCN_H 1
| #define LT_OBJDIR ".libs/"
| #define HAVE_INTERNAL_LANES 1
| #define SUMOReal double
| #define POSITION_EPS (SUMOReal)0.1
| #define NUMERICAL_EPS (SUMOReal)0.001
| #define OUTPUT_ACCURACY 2
| #define GEO_OUTPUT_ACCURACY 6
| #define VERSION_STRING "0.26.0"
| #define XERCES3_SIZE_t unsigned int
| #define HAVE_PROJ 1
| #define HAVE_GDAL 1
| #define HAVE_FOX 1
| #define HAVE_ENABLED "x86_64-unknown-linux-gnu InternalLanes DoublePrecision TRACI PROJ GDAL GUI"
| #define HAVE_ALLOCA_H 1
| #define HAVE_ALLOCA 1
| #define HAVE_FLOAT_H 1
| #define HAVE_LIMITS_H 1
| #define HAVE_MALLOC_H 1
| #define HAVE_MATH_H 1
| #define HAVE_STDDEF_H 1
| #define HAVE_STDLIB_H 1
| #define HAVE_STRING_H 1
| #define HAVE_SYS_TIME_H 1
| #define HAVE_UNISTD_H 1
| #define HAVE_WCHAR_H 1
| #define HAVE_STDBOOL_H 1
| /* end confdefs.h.  */
| #include <stdio.h>
| #ifdef HAVE_SYS_TYPES_H
| # include <sys/types.h>
| #endif
| #ifdef HAVE_SYS_STAT_H
| # include <sys/stat.h>
| #endif
| #ifdef STDC_HEADERS
| # include <stdlib.h>
| # include <stddef.h>
| #else
| # ifdef HAVE_STDLIB_H
| #  include <stdlib.h>
| # endif
| #endif
| #ifdef HAVE_STRING_H
| # if !defined STDC_HEADERS && defined HAVE_MEMORY_H
| #  include <memory.h>
| # endif
| # include <string.h>
| #endif
| #ifdef HAVE_STRINGS_H
| # include <strings.h>
| #endif
| #ifdef HAVE_INTTYPES_H
| # include <inttypes.h>
| #endif
| #ifdef HAVE_STDINT_H
| # include <stdint.h>
| #endif
| #ifdef HAVE_UNISTD_H
| # include <unistd.h>
| #endif
| int
| main ()
| {
| if (sizeof ((size_t)))
| 	  return 0;
|   ;
|   return 0;
| }
configure:19394: result: yes
configure:19406: checking whether time.h and sys/time.h may both be included
configure:19436: g++ -c -msse2 -mfpmath=sse -O2 -DNDEBUG   conftest.cpp >&5
configure:19443: $? = 0
configure:19458: result: yes
configure:19468: checking whether struct tm is in sys/time.h or time.h
configure:19498: g++ -c -msse2 -mfpmath=sse -O2 -DNDEBUG   conftest.cpp >&5
configure:19505: $? = 0
configure:19520: result: time.h
configure:19530: checking for working volatile
configure:19559: g++ -c -msse2 -mfpmath=sse -O2 -DNDEBUG   conftest.cpp >&5
configure:19566: $? = 0
configure:19581: result: yes
configure:19592: checking for error_at_line
configure:19618: g++ -o conftest -msse2 -mfpmath=sse -O2 -DNDEBUG    conftest.cpp  >&5
configure:19625: $? = 0
configure:19645: result: yes
configure:19673: checking sys/select.h usability
configure:19690: g++ -c -msse2 -mfpmath=sse -O2 -DNDEBUG   conftest.cpp >&5
configure:19697: $? = 0
configure:19711: result: yes
configure:19715: checking sys/select.h presence
configure:19730: g++ -E  conftest.cpp
configure:19737: $? = 0
configure:19751: result: yes
configure:19779: checking for sys/select.h
configure:19788: result: yes
configure:19673: checking sys/socket.h usability
configure:19690: g++ -c -msse2 -mfpmath=sse -O2 -DNDEBUG   conftest.cpp >&5
configure:19697: $? = 0
configure:19711: result: yes
configure:19715: checking sys/socket.h presence
configure:19730: g++ -E  conftest.cpp
configure:19737: $? = 0
configure:19751: result: yes
configure:19779: checking for sys/socket.h
configure:19788: result: yes
configure:19803: checking types of arguments for select
configure:19841: g++ -c -msse2 -mfpmath=sse -O2 -DNDEBUG   conftest.cpp >&5
configure:19848: $? = 0
configure:19869: result: int,fd_set *,struct timeval *
configure:19892: checking return type of signal handlers
configure:19920: g++ -c -msse2 -mfpmath=sse -O2 -DNDEBUG   conftest.cpp >&5
conftest.cpp: In function 'int main()':
conftest.cpp:58:22: error: void value not ignored as it ought to be
 return *(signal (0, 0)) (0) == 1;
                      ^
configure:19927: $? = 1
configure: failed program was:
| /* confdefs.h.  */
| #define PACKAGE_NAME "sumo"
| #define PACKAGE_TARNAME "sumo"
| #define PACKAGE_VERSION "0.26.0"
| #define PACKAGE_STRING "sumo 0.26.0"
| #define PACKAGE_BUGREPORT ""
| #define PACKAGE "sumo"
| #define VERSION "0.26.0"
| #define HAVE_SYS_TYPES_H 1
| #define HAVE_SYS_STAT_H 1
| #define HAVE_STDLIB_H 1
| #define HAVE_STRING_H 1
| #define HAVE_MEMORY_H 1
| #define HAVE_STRINGS_H 1
| #define HAVE_INTTYPES_H 1
| #define HAVE_STDINT_H 1
| #define HAVE_UNISTD_H 1
| #define HAVE_DLFCN_H 1
| #define LT_OBJDIR ".libs/"
| #define HAVE_INTERNAL_LANES 1
| #define SUMOReal double
| #define POSITION_EPS (SUMOReal)0.1
| #define NUMERICAL_EPS (SUMOReal)0.001
| #define OUTPUT_ACCURACY 2
| #define GEO_OUTPUT_ACCURACY 6
| #define VERSION_STRING "0.26.0"
| #define XERCES3_SIZE_t unsigned int
| #define HAVE_PROJ 1
| #define HAVE_GDAL 1
| #define HAVE_FOX 1
| #define HAVE_ENABLED "x86_64-unknown-linux-gnu InternalLanes DoublePrecision TRACI PROJ GDAL GUI"
| #define HAVE_ALLOCA_H 1
| #define HAVE_ALLOCA 1
| #define HAVE_FLOAT_H 1
| #define HAVE_LIMITS_H 1
| #define HAVE_MALLOC_H 1
| #define HAVE_MATH_H 1
| #define HAVE_STDDEF_H 1
| #define HAVE_STDLIB_H 1
| #define HAVE_STRING_H 1
| #define HAVE_SYS_TIME_H 1
| #define HAVE_UNISTD_H 1
| #define HAVE_WCHAR_H 1
| #define HAVE_STDBOOL_H 1
| #define TIME_WITH_SYS_TIME 1
| #define HAVE_SYS_SELECT_H 1
| #define HAVE_SYS_SOCKET_H 1
| #define SELECT_TYPE_ARG1 int
| #define SELECT_TYPE_ARG234 (fd_set *)
| #define SELECT_TYPE_ARG5 (struct timeval *)
| /* end confdefs.h.  */
| #include <sys/types.h>
| #include <signal.h>
| 
| int
| main ()
| {
| return *(signal (0, 0)) (0) == 1;
|   ;
|   return 0;
| }
configure:19942: result: void
configure:19950: checking whether lstat dereferences a symlink specified with a trailing slash
configure:19986: g++ -o conftest -msse2 -mfpmath=sse -O2 -DNDEBUG    conftest.cpp  >&5
configure:19990: $? = 0
configure:19996: ./conftest
configure:20000: $? = 0
configure:20024: result: yes
configure:20043: checking whether stat accepts an empty string
configure:20073: g++ -o conftest -msse2 -mfpmath=sse -O2 -DNDEBUG    conftest.cpp  >&5
configure:20077: $? = 0
configure:20083: ./conftest
configure:20087: $? = 0
configure:20104: result: no
configure:20131: checking for floor
configure:20187: g++ -o conftest -msse2 -mfpmath=sse -O2 -DNDEBUG    conftest.cpp  >&5
configure:20194: $? = 0
configure:20216: result: yes
configure:20131: checking for getcwd
configure:20187: g++ -o conftest -msse2 -mfpmath=sse -O2 -DNDEBUG    conftest.cpp  >&5
configure:20194: $? = 0
configure:20216: result: yes
configure:20131: checking for gettimeofday
configure:20187: g++ -o conftest -msse2 -mfpmath=sse -O2 -DNDEBUG    conftest.cpp  >&5
configure:20194: $? = 0
configure:20216: result: yes
configure:20131: checking for memset
configure:20187: g++ -o conftest -msse2 -mfpmath=sse -O2 -DNDEBUG    conftest.cpp  >&5
configure:20194: $? = 0
configure:20216: result: yes
configure:20131: checking for pow
configure:20187: g++ -o conftest -msse2 -mfpmath=sse -O2 -DNDEBUG    conftest.cpp  >&5
configure:20194: $? = 0
configure:20216: result: yes
configure:20131: checking for select
configure:20187: g++ -o conftest -msse2 -mfpmath=sse -O2 -DNDEBUG    conftest.cpp  >&5
configure:20194: $? = 0
configure:20216: result: yes
configure:20131: checking for socket
configure:20187: g++ -o conftest -msse2 -mfpmath=sse -O2 -DNDEBUG    conftest.cpp  >&5
configure:20194: $? = 0
configure:20216: result: yes
configure:20131: checking for sqrt
configure:20187: g++ -o conftest -msse2 -mfpmath=sse -O2 -DNDEBUG    conftest.cpp  >&5
configure:20194: $? = 0
configure:20216: result: yes
configure:20405: creating ./config.status

## ---------------------- ##
## Running config.status. ##
## ---------------------- ##

This file was extended by sumo config.status 0.26.0, which was
generated by GNU Autoconf 2.63.  Invocation command line was

  CONFIG_FILES    = 
  CONFIG_HEADERS  = 
  CONFIG_LINKS    = 
  CONFIG_COMMANDS = 
  $ ./config.status 

on wr0

config.status:1199: creating src/Makefile
config.status:1199: creating src/activitygen/Makefile
config.status:1199: creating src/activitygen/activities/Makefile
config.status:1199: creating src/activitygen/city/Makefile
config.status:1199: creating src/foreign/Makefile
config.status:1199: creating src/foreign/eulerspiral/Makefile
config.status:1199: creating src/foreign/gl2ps/Makefile
config.status:1199: creating src/foreign/mersenne/Makefile
config.status:1199: creating src/foreign/nvwa/Makefile
config.status:1199: creating src/foreign/PHEMlight/Makefile
config.status:1199: creating src/foreign/PHEMlight/cpp/Makefile
config.status:1199: creating src/foreign/polyfonts/Makefile
config.status:1199: creating src/foreign/rtree/Makefile
config.status:1199: creating src/foreign/tcpip/Makefile
config.status:1199: creating src/gui/Makefile
config.status:1199: creating src/gui/dialogs/Makefile
config.status:1199: creating src/guinetload/Makefile
config.status:1199: creating src/guisim/Makefile
config.status:1199: creating src/microsim/Makefile
config.status:1199: creating src/microsim/actions/Makefile
config.status:1199: creating src/microsim/cfmodels/Makefile
config.status:1199: creating src/microsim/devices/Makefile
config.status:1199: creating src/microsim/lcmodels/Makefile
config.status:1199: creating src/microsim/logging/Makefile
config.status:1199: creating src/microsim/output/Makefile
config.status:1199: creating src/microsim/pedestrians/Makefile
config.status:1199: creating src/microsim/traffic_lights/Makefile
config.status:1199: creating src/microsim/trigger/Makefile
config.status:1199: creating src/marouter/Makefile
config.status:1199: creating src/netbuild/Makefile
config.status:1199: creating src/netedit/Makefile
config.status:1199: creating src/mesogui/Makefile
config.status:1199: creating src/mesosim/Makefile
config.status:1199: creating src/osgview/Makefile
config.status:1199: creating src/netgen/Makefile
config.status:1199: creating src/netimport/Makefile
config.status:1199: creating src/netimport/vissim/Makefile
config.status:1199: creating src/netimport/vissim/tempstructs/Makefile
config.status:1199: creating src/netimport/vissim/typeloader/Makefile
config.status:1199: creating src/netload/Makefile
config.status:1199: creating src/netwrite/Makefile
config.status:1199: creating src/od/Makefile
config.status:1199: creating src/polyconvert/Makefile
config.status:1199: creating src/router/Makefile
config.status:1199: creating src/dfrouter/Makefile
config.status:1199: creating src/duarouter/Makefile
config.status:1199: creating src/jtrrouter/Makefile
config.status:1199: creating src/tools/Makefile
config.status:1199: creating src/traci_testclient/Makefile
config.status:1199: creating src/traci-server/Makefile
config.status:1199: creating src/utils/Makefile
config.status:1199: creating src/utils/common/Makefile
config.status:1199: creating src/utils/distribution/Makefile
config.status:1199: creating src/utils/emissions/Makefile
config.status:1199: creating src/utils/foxtools/Makefile
config.status:1199: creating src/utils/geom/Makefile
config.status:1199: creating src/utils/gui/Makefile
config.status:1199: creating src/utils/gui/div/Makefile
config.status:1199: creating src/utils/gui/events/Makefile
config.status:1199: creating src/utils/gui/globjects/Makefile
config.status:1199: creating src/utils/gui/images/Makefile
config.status:1199: creating src/utils/gui/settings/Makefile
config.status:1199: creating src/utils/gui/tracker/Makefile
config.status:1199: creating src/utils/gui/windows/Makefile
config.status:1199: creating src/utils/importio/Makefile
config.status:1199: creating src/utils/iodevices/Makefile
config.status:1199: creating src/utils/options/Makefile
config.status:1199: creating src/utils/shapes/Makefile
config.status:1199: creating src/utils/traci/Makefile
config.status:1199: creating src/utils/vehicle/Makefile
config.status:1199: creating src/utils/xml/Makefile
config.status:1199: creating unittest/Makefile
config.status:1199: creating unittest/src/Makefile
config.status:1199: creating unittest/src/microsim/Makefile
config.status:1199: creating unittest/src/netbuild/Makefile
config.status:1199: creating unittest/src/utils/Makefile
config.status:1199: creating unittest/src/utils/common/Makefile
config.status:1199: creating unittest/src/utils/foxtools/Makefile
config.status:1199: creating unittest/src/utils/geom/Makefile
config.status:1199: creating unittest/src/utils/iodevices/Makefile
config.status:1199: creating bin/Makefile
config.status:1199: creating Makefile
config.status:1199: creating src/config.h
config.status:1473: executing depfiles commands
config.status:1473: executing libtool commands
configure:22978: result: 
configure:22980: result: Optional features summary
configure:22982: result: -------------------------
configure:22984: result: Enabled: InternalLanes DoublePrecision TRACI PROJ GDAL GUI
configure:22986: result: Disabled: Debug Profiling MemoryChecks UnitTests Python OSG ffmpeg

## ---------------- ##
## Cache variables. ##
## ---------------- ##

ac_cv_build=x86_64-unknown-linux-gnu
ac_cv_c_compiler_gnu=yes
ac_cv_c_const=yes
ac_cv_c_inline=inline
ac_cv_c_volatile=yes
ac_cv_cxx_compiler_gnu=yes
ac_cv_env_CCC_set=
ac_cv_env_CCC_value=
ac_cv_env_CC_set=set
ac_cv_env_CC_value=gcc
ac_cv_env_CFLAGS_set=
ac_cv_env_CFLAGS_value=
ac_cv_env_CPPFLAGS_set=
ac_cv_env_CPPFLAGS_value=
ac_cv_env_CPP_set=
ac_cv_env_CPP_value=
ac_cv_env_CXXCPP_set=
ac_cv_env_CXXCPP_value=
ac_cv_env_CXXFLAGS_set=
ac_cv_env_CXXFLAGS_value=
ac_cv_env_CXX_set=set
ac_cv_env_CXX_value=g++
ac_cv_env_LDFLAGS_set=
ac_cv_env_LDFLAGS_value=
ac_cv_env_LIBS_set=
ac_cv_env_LIBS_value=
ac_cv_env_PKG_CONFIG_set=
ac_cv_env_PKG_CONFIG_value=
ac_cv_env_XERCES_CFLAGS_set=
ac_cv_env_XERCES_CFLAGS_value=
ac_cv_env_XERCES_LIBS_set=
ac_cv_env_XERCES_LIBS_value=
ac_cv_env_build_alias_set=
ac_cv_env_build_alias_value=
ac_cv_env_host_alias_set=
ac_cv_env_host_alias_value=
ac_cv_env_target_alias_set=
ac_cv_env_target_alias_value=
ac_cv_func_alloca_works=yes
ac_cv_func_floor=yes
ac_cv_func_getcwd=yes
ac_cv_func_gettimeofday=yes
ac_cv_func_lstat_dereferences_slashed_symlink=yes
ac_cv_func_memset=yes
ac_cv_func_pow=yes
ac_cv_func_select=yes
ac_cv_func_select_args='int,fd_set *,struct timeval *'
ac_cv_func_socket=yes
ac_cv_func_sqrt=yes
ac_cv_func_stat_empty_string_bug=no
ac_cv_header_dlfcn_h=yes
ac_cv_header_float_h=yes
ac_cv_header_fxver_h=yes
ac_cv_header_inttypes_h=yes
ac_cv_header_libavformat_version_h=no
ac_cv_header_limits_h=yes
ac_cv_header_malloc_h=yes
ac_cv_header_math_h=yes
ac_cv_header_memory_h=yes
ac_cv_header_ogr_api_h=yes
ac_cv_header_proj_api_h=yes
ac_cv_header_stdbool_h=yes
ac_cv_header_stdc=no
ac_cv_header_stddef_h=yes
ac_cv_header_stdint_h=yes
ac_cv_header_stdlib_h=yes
ac_cv_header_string_h=yes
ac_cv_header_strings_h=yes
ac_cv_header_sys_select_h=yes
ac_cv_header_sys_socket_h=yes
ac_cv_header_sys_stat_h=yes
ac_cv_header_sys_time_h=yes
ac_cv_header_sys_types_h=yes
ac_cv_header_time=yes
ac_cv_header_unistd_h=yes
ac_cv_header_wchar_h=yes
ac_cv_header_xercesc_util_XercesVersion_hpp=yes
ac_cv_host=x86_64-unknown-linux-gnu
ac_cv_lib_error_at_line=yes
ac_cv_lib_proj_main=yes
ac_cv_lib_xerces_c___main=yes
ac_cv_objext=o
ac_cv_path_EGREP='/bin/grep -E'
ac_cv_path_FGREP='/bin/grep -F'
ac_cv_path_GDAL_CONFIG=/home/gcorte2s/bin/gdal-config
ac_cv_path_GREP=/bin/grep
ac_cv_path_SED=/bin/sed
ac_cv_path_ac_pt_PKG_CONFIG=/usr/bin/pkg-config
ac_cv_path_install='/usr/bin/install -c'
ac_cv_path_mkdir=/bin/mkdir
ac_cv_prog_AWK=gawk
ac_cv_prog_CPP='gcc -E'
ac_cv_prog_CXXCPP='g++ -E'
ac_cv_prog_ac_ct_AR=ar
ac_cv_prog_ac_ct_CC=gcc
ac_cv_prog_ac_ct_OBJDUMP=objdump
ac_cv_prog_ac_ct_RANLIB=ranlib
ac_cv_prog_ac_ct_STRIP=strip
ac_cv_prog_cc_c89=
ac_cv_prog_cc_g=yes
ac_cv_prog_cxx_g=yes
ac_cv_prog_make_make_set=yes
ac_cv_struct_tm=time.h
ac_cv_target=x86_64-unknown-linux-gnu
ac_cv_type__Bool=no
ac_cv_type_signal=void
ac_cv_type_size_t=yes
ac_cv_working_alloca_h=yes
am_cv_CC_dependencies_compiler_type=gcc3
am_cv_CXX_dependencies_compiler_type=gcc3
am_cv_prog_tar_ustar=gnutar
lt_cv_deplibs_check_method=pass_all
lt_cv_file_magic_cmd='$MAGIC_CMD'
lt_cv_file_magic_test_file=
lt_cv_ld_reload_flag=-r
lt_cv_nm_interface='BSD nm'
lt_cv_objdir=.libs
lt_cv_path_LD=/usr/bin/ld
lt_cv_path_LDCXX='/usr/bin/ld -m elf_x86_64'
lt_cv_path_NM='/usr/bin/nm -B'
lt_cv_prog_compiler_c_o=yes
lt_cv_prog_compiler_c_o_CXX=yes
lt_cv_prog_compiler_pic_works=yes
lt_cv_prog_compiler_pic_works_CXX=yes
lt_cv_prog_compiler_rtti_exceptions=no
lt_cv_prog_compiler_static_works=yes
lt_cv_prog_compiler_static_works_CXX=yes
lt_cv_prog_gnu_ld=yes
lt_cv_prog_gnu_ldcxx=yes
lt_cv_sys_global_symbol_pipe='sed -n -e '\''s/^.*[	 ]\([ABCDGIRSTW][ABCDGIRSTW]*\)[	 ][	 ]*\([_A-Za-z][_A-Za-z0-9]*\)$/\1 \2 \2/p'\'''
lt_cv_sys_global_symbol_to_c_name_address='sed -n -e '\''s/^: \([^ ]*\) $/  {\"\1\", (void *) 0},/p'\'' -e '\''s/^[ABCDGIRSTW]* \([^ ]*\) \([^ ]*\)$/  {"\2", (void *) \&\2},/p'\'''
lt_cv_sys_global_symbol_to_c_name_address_lib_prefix='sed -n -e '\''s/^: \([^ ]*\) $/  {\"\1\", (void *) 0},/p'\'' -e '\''s/^[ABCDGIRSTW]* \([^ ]*\) \(lib[^ ]*\)$/  {"\2", (void *) \&\2},/p'\'' -e '\''s/^[ABCDGIRSTW]* \([^ ]*\) \([^ ]*\)$/  {"lib\2", (void *) \&\2},/p'\'''
lt_cv_sys_global_symbol_to_cdecl='sed -n -e '\''s/^T .* \(.*\)$/extern int \1();/p'\'' -e '\''s/^[ABCDGIRSTW]* .* \(.*\)$/extern char \1;/p'\'''
lt_cv_sys_max_cmd_len=1966080

## ----------------- ##
## Output variables. ##
## ----------------- ##

ACLOCAL='${SHELL} /home/gcorte2s/sumo-0.26.0/missing --run aclocal-1.11'
ALLOCA=''
AMDEPBACKSLASH='\'
AMDEP_FALSE='#'
AMDEP_TRUE=''
AMTAR='${SHELL} /home/gcorte2s/sumo-0.26.0/missing --run tar'
AM_CPPFLAGS='-I/home/gcorte2s/sumo-0.26.0/./src -I/home/gcorte2s/include/fox-1.6 -I/home/gcorte2s/include -I/home/gcorte2s/include -I/home/gcorte2s/include '
AM_CXXFLAGS=''
AR='ar'
AUTOCONF='${SHELL} /home/gcorte2s/sumo-0.26.0/missing --run autoconf'
AUTOHEADER='${SHELL} /home/gcorte2s/sumo-0.26.0/missing --run autoheader'
AUTOMAKE='${SHELL} /home/gcorte2s/sumo-0.26.0/missing --run automake-1.11'
AWK='gawk'
CC='gcc'
CCDEPMODE='depmode=gcc3'
CFLAGS='-g -O2'
CHECK_MEMORY_LEAKS_FALSE=''
CHECK_MEMORY_LEAKS_TRUE='#'
CPP='gcc -E'
CPPFLAGS=''
CXX='g++'
CXXCPP='g++ -E'
CXXDEPMODE='depmode=gcc3'
CXXFLAGS='-msse2 -mfpmath=sse -O2 -DNDEBUG '
CYGPATH_W='echo'
DEFS='-DHAVE_CONFIG_H'
DEPDIR='.deps'
DSYMUTIL=''
DUMPBIN=''
ECHO_C=''
ECHO_N='-n'
ECHO_T=''
EGREP='/bin/grep -E'
EXEEXT=''
FFMPEG_LIBS=''
FGREP='/bin/grep -F'
FOX_CONFIG='/home/gcorte2s/bin/fox-config'
FOX_LDFLAGS='-L/home/gcorte2s/lib -lFOX-1.6 -lX11 -lXext -lfreetype -lXft -lXcursor -lXrender -lXrandr -lXfixes -lXi -lGL -lGLU -ldl -lpthread -lrt -ljpeg -lpng -ltiff -lz -lbz2 -lGLU -lGL'
GDAL_CONFIG='/home/gcorte2s/bin/gdal-config'
GDAL_LDFLAGS='-L/home/gcorte2s/lib -lgdal'
GREP='/bin/grep'
GTEST_CONFIG=''
GTEST_LDFLAGS=''
INSTALL_DATA='${INSTALL} -m 644'
INSTALL_PROGRAM='${INSTALL}'
INSTALL_SCRIPT='${INSTALL}'
INSTALL_STRIP_PROGRAM='$(install_sh) -c -s'
LD='/usr/bin/ld -m elf_x86_64'
LDFLAGS=''
LIBOBJS=''
LIBS=''
LIBTOOL='$(SHELL) $(top_builddir)/libtool'
LIB_XERCES='xerces-c'
LIPO=''
LN_S='ln -s'
LTLIBOBJS=''
MAKEINFO='${SHELL} /home/gcorte2s/sumo-0.26.0/missing --run makeinfo'
MKDIR_P='/bin/mkdir -p'
NM='/usr/bin/nm -B'
NMEDIT=''
OBJDUMP='objdump'
OBJEXT='o'
OSG_LIBS=''
OTOOL64=''
OTOOL=''
PACKAGE='sumo'
PACKAGE_BUGREPORT=''
PACKAGE_NAME='sumo'
PACKAGE_STRING='sumo 0.26.0'
PACKAGE_TARNAME='sumo'
PACKAGE_VERSION='0.26.0'
PATH_SEPARATOR=':'
PKG_CONFIG='/usr/bin/pkg-config'
PROJ_LDFLAGS='-L/home/gcorte2s/lib -lproj'
PYTHON_LIBS=''
RANLIB='ranlib'
SED='/bin/sed'
SET_MAKE=''
SHELL='/bin/sh'
STRIP='strip'
TRACI_FALSE='#'
TRACI_TRUE=''
VERSION='0.26.0'
WITH_GTEST_FALSE=''
WITH_GTEST_TRUE='#'
WITH_GUI_FALSE='#'
WITH_GUI_TRUE=''
WITH_VERSION_H_FALSE=''
WITH_VERSION_H_TRUE='#'
XERCES_CFLAGS=''
XERCES_LDFLAGS='-L/home/gcorte2s/lib'
XERCES_LIBS=''
ac_ct_CC='gcc'
ac_ct_CXX=''
ac_ct_DUMPBIN=''
am__EXEEXT_FALSE=''
am__EXEEXT_TRUE='#'
am__fastdepCC_FALSE='#'
am__fastdepCC_TRUE=''
am__fastdepCXX_FALSE='#'
am__fastdepCXX_TRUE=''
am__include='include'
am__isrc=''
am__leading_dot='.'
am__quote=''
am__tar='tar --format=ustar -chf - "$$tardir"'
am__untar='tar -xf -'
bindir='${exec_prefix}/bin'
build='x86_64-unknown-linux-gnu'
build_alias=''
build_cpu='x86_64'
build_os='linux-gnu'
build_vendor='unknown'
datadir='${datarootdir}'
datarootdir='${prefix}/share'
docdir='${datarootdir}/doc/${PACKAGE_TARNAME}'
dvidir='${docdir}'
exec_prefix='${prefix}'
host='x86_64-unknown-linux-gnu'
host_alias=''
host_cpu='x86_64'
host_os='linux-gnu'
host_vendor='unknown'
htmldir='${docdir}'
includedir='${prefix}/include'
infodir='${datarootdir}/info'
install_sh='${SHELL} /home/gcorte2s/sumo-0.26.0/install-sh'
libdir='${exec_prefix}/lib'
libexecdir='${exec_prefix}/libexec'
localedir='${datarootdir}/locale'
localstatedir='${prefix}/var'
lt_ECHO='echo'
mandir='${datarootdir}/man'
mkdir_p='/bin/mkdir -p'
oldincludedir='/usr/include'
pdfdir='${docdir}'
prefix='/home/gcorte2s'
program_transform_name='s,x,x,'
psdir='${docdir}'
sbindir='${exec_prefix}/sbin'
sharedstatedir='${prefix}/com'
sysconfdir='${prefix}/etc'
target='x86_64-unknown-linux-gnu'
target_alias=''
target_cpu='x86_64'
target_os='linux-gnu'
target_vendor='unknown'

## ----------- ##
## confdefs.h. ##
## ----------- ##

#define PACKAGE_NAME "sumo"
#define PACKAGE_TARNAME "sumo"
#define PACKAGE_VERSION "0.26.0"
#define PACKAGE_STRING "sumo 0.26.0"
#define PACKAGE_BUGREPORT ""
#define PACKAGE "sumo"
#define VERSION "0.26.0"
#define HAVE_SYS_TYPES_H 1
#define HAVE_SYS_STAT_H 1
#define HAVE_STDLIB_H 1
#define HAVE_STRING_H 1
#define HAVE_MEMORY_H 1
#define HAVE_STRINGS_H 1
#define HAVE_INTTYPES_H 1
#define HAVE_STDINT_H 1
#define HAVE_UNISTD_H 1
#define HAVE_DLFCN_H 1
#define LT_OBJDIR ".libs/"
#define HAVE_INTERNAL_LANES 1
#define SUMOReal double
#define POSITION_EPS (SUMOReal)0.1
#define NUMERICAL_EPS (SUMOReal)0.001
#define OUTPUT_ACCURACY 2
#define GEO_OUTPUT_ACCURACY 6
#define VERSION_STRING "0.26.0"
#define XERCES3_SIZE_t unsigned int
#define HAVE_PROJ 1
#define HAVE_GDAL 1
#define HAVE_FOX 1
#define HAVE_ENABLED "x86_64-unknown-linux-gnu InternalLanes DoublePrecision TRACI PROJ GDAL GUI"
#define HAVE_ALLOCA_H 1
#define HAVE_ALLOCA 1
#define HAVE_FLOAT_H 1
#define HAVE_LIMITS_H 1
#define HAVE_MALLOC_H 1
#define HAVE_MATH_H 1
#define HAVE_STDDEF_H 1
#define HAVE_STDLIB_H 1
#define HAVE_STRING_H 1
#define HAVE_SYS_TIME_H 1
#define HAVE_UNISTD_H 1
#define HAVE_WCHAR_H 1
#define HAVE_STDBOOL_H 1
#define TIME_WITH_SYS_TIME 1
#define HAVE_SYS_SELECT_H 1
#define HAVE_SYS_SOCKET_H 1
#define SELECT_TYPE_ARG1 int
#define SELECT_TYPE_ARG234 (fd_set *)
#define SELECT_TYPE_ARG5 (struct timeval *)
#define RETSIGTYPE void
#define LSTAT_FOLLOWS_SLASHED_SYMLINK 1
#define HAVE_FLOOR 1
#define HAVE_GETCWD 1
#define HAVE_GETTIMEOFDAY 1
#define HAVE_MEMSET 1
#define HAVE_POW 1
#define HAVE_SELECT 1
#define HAVE_SOCKET 1
#define HAVE_SQRT 1

configure: exit 0
